<?xml version="1.0" encoding="UTF-8"?>
<!-- Generated by org.testng.reporters.JUnitXMLReporter -->
<testsuite hostname="CH1LPEGR90W7EQN" ignored="0" name="CancelReservation" tests="3" failures="0" timestamp="23 Nov 2021 17:07:25 GMT" time="22.472" errors="0">
  <testcase name="@BeforeMethod setup" time="0.001" classname="testcases.HomePage">
    <failure type="java.lang.NullPointerException">
      <![CDATA[java.lang.NullPointerException
at base.TestBase.initilization(TestBase.java:78)
at testcases.HomePage.setup(HomePage.java:34)
... Removed 28 stack frames]]>
    </failure>
  </testcase> <!-- @BeforeMethod setup -->
  <testcase name="@AfterMethod browerClose" time="0.0" classname="testcases.HomePage">
    <skipped/>
  </testcase> <!-- @AfterMethod browerClose -->
  <testcase name="@AfterClass report" time="0.0" classname="testcases.HomePage">
    <skipped/>
  </testcase> <!-- @AfterClass report -->
  <testcase name="@AfterTest jdbcCon" time="0.0" classname="testcases.HomePage">
    <skipped/>
  </testcase> <!-- @AfterTest jdbcCon -->
  <testcase name="title" time="0.094" classname="testcases.HomePage"/>
  <testcase name="cancel" time="4.772" classname="testcases.CancelReservation"/>
  <testcase name="firstpage" time="0.0" classname="testcases.HomePage">
    <skipped/>
  </testcase> <!-- firstpage -->
</testsuite> <!-- CancelReservation -->
