<?xml version="1.0" encoding="UTF-8"?>
<!-- Generated by org.testng.reporters.JUnitXMLReporter -->
<testsuite hostname="CH1LPEGR90W7EQN" ignored="0" name="ChromeTestHomePage" tests="2" failures="0" timestamp="30 Nov 2021 04:12:53 GMT" time="1.665" errors="0">
  <testcase name="@BeforeMethod setup" time="1.63" classname="multibrowser.HomePage">
    <failure type="java.lang.NullPointerException" message="null value in entry: url=null">
      <![CDATA[java.lang.NullPointerException: null value in entry: url=null
at com.google.common.collect.CollectPreconditions.checkEntryNotNull(CollectPreconditions.java:32)
at com.google.common.collect.SingletonImmutableBiMap.<init>(SingletonImmutableBiMap.java:42)
at com.google.common.collect.ImmutableBiMap.of(ImmutableBiMap.java:72)
at com.google.common.collect.ImmutableMap.of(ImmutableMap.java:124)
at org.openqa.selenium.remote.RemoteWebDriver.get(RemoteWebDriver.java:277)
at base.TestBase.initilizationmultibrowser(TestBase.java:127)
at multibrowser.HomePage.setup(HomePage.java:36)
... Removed 28 stack frames]]>
    </failure>
  </testcase> <!-- @BeforeMethod setup -->
  <testcase name="@AfterMethod browerClose" time="0.0" classname="multibrowser.HomePage">
    <skipped/>
  </testcase> <!-- @AfterMethod browerClose -->
  <testcase name="@BeforeMethod setup" time="0.0" classname="multibrowser.HomePage">
    <skipped/>
  </testcase> <!-- @BeforeMethod setup -->
  <testcase name="@AfterMethod browerClose" time="0.0" classname="multibrowser.HomePage">
    <skipped/>
  </testcase> <!-- @AfterMethod browerClose -->
  <testcase name="title" time="0.0" classname="multibrowser.HomePage">
    <skipped/>
  </testcase> <!-- title -->
  <testcase name="firstpage" time="0.0" classname="multibrowser.HomePage">
    <skipped/>
  </testcase> <!-- firstpage -->
</testsuite> <!-- ChromeTestHomePage -->
