<?xml version="1.0" encoding="UTF-8"?>
<!-- Generated by org.testng.reporters.JUnitXMLReporter -->
<testsuite hostname="CH1LPEGR90W7EQN" ignored="0" name="ChromeHomePage" tests="1" failures="0" timestamp="29 Nov 2021 17:31:21 GMT" time="0.309" errors="0">
  <testcase name="@BeforeMethod setup" time="0.132" classname="multibrowser.HomePage">
    <failure type="java.lang.NullPointerException">
      <![CDATA[java.lang.NullPointerException
at base.TestBase.initilizationmultibrowser(TestBase.java:132)
at multibrowser.HomePage.setup(HomePage.java:36)
... Removed 28 stack frames]]>
    </failure>
  </testcase> <!-- @BeforeMethod setup -->
  <testcase name="@AfterMethod browerClose" time="0.0" classname="multibrowser.HomePage">
    <skipped/>
  </testcase> <!-- @AfterMethod browerClose -->
  <testcase name="@AfterClass report" time="0.0" classname="multibrowser.HomePage">
    <skipped/>
  </testcase> <!-- @AfterClass report -->
  <testcase name="@AfterTest jdbcCon" time="0.0" classname="multibrowser.HomePage">
    <skipped/>
  </testcase> <!-- @AfterTest jdbcCon -->
  <testcase name="firstpage" time="0.0" classname="multibrowser.HomePage">
    <skipped/>
  </testcase> <!-- firstpage -->
</testsuite> <!-- ChromeHomePage -->
