<?xml version="1.0" encoding="UTF-8"?>
<!-- Generated by org.testng.reporters.JUnitXMLReporter -->
<testsuite hostname="CH1LPEGR90W7EQN" ignored="0" name="FirefoxTest" tests="1" failures="1" timestamp="30 Nov 2021 04:30:16 GMT" time="12.759" errors="0">
  <testcase name="cancel" time="0.048" classname="parallelbrowser.CancelBooking">
    <failure type="java.lang.NullPointerException">
      <![CDATA[java.lang.NullPointerException
at org.openqa.selenium.support.pagefactory.DefaultElementLocator.findElement(DefaultElementLocator.java:69)
at org.openqa.selenium.support.pagefactory.internal.LocatingElementHandler.invoke(LocatingElementHandler.java:38)
at com.sun.proxy.$Proxy17.click(Unknown Source)
at pages.CancelBookingPage.cancelBooking(CancelBookingPage.java:45)
at parallelbrowser.CancelBooking.cancel(CancelBooking.java:61)
at java.util.concurrent.ThreadPoolExecutor.runWorker(Unknown Source)
at java.util.concurrent.ThreadPoolExecutor$Worker.run(Unknown Source)
at java.lang.Thread.run(Unknown Source)
... Removed 10 stack frames]]>
    </failure>
  </testcase> <!-- cancel -->
</testsuite> <!-- FirefoxTest -->
