<?xml version="1.0" encoding="UTF-8"?>
<!-- Generated by org.testng.reporters.JUnitXMLReporter -->
<testsuite hostname="CH1LPEGR90W7EQN" ignored="0" name="Test" tests="1" failures="0" timestamp="26 Nov 2021 18:36:21 GMT" time="0.151" errors="0">
  <testcase name="@BeforeMethod setup" time="0.0" classname="grid.CancelReservation">
    <failure type="org.testng.TestNGException" message="
Parameter &amp;apos;portNo&amp;apos; is required by BeforeMethod on method setup but has not been marked @Optional or defined
in C:\Users\Dinesh.Kanna\eclipse-workspace\FrameworkIGT\GridTest.xml">
      <![CDATA[org.testng.TestNGException: 
Parameter 'portNo' is required by BeforeMethod on method setup but has not been marked @Optional or defined
in C:\Users\Dinesh.Kanna\eclipse-workspace\FrameworkIGT\GridTest.xml
... Removed 25 stack frames]]>
    </failure>
  </testcase> <!-- @BeforeMethod setup -->
  <testcase name="@AfterMethod browerClose" time="0.0" classname="grid.CancelReservation">
    <skipped/>
  </testcase> <!-- @AfterMethod browerClose -->
  <testcase name="@AfterClass report" time="0.0" classname="grid.CancelReservation">
    <skipped/>
  </testcase> <!-- @AfterClass report -->
  <testcase name="cancel" time="0.0" classname="grid.CancelReservation">
    <skipped/>
  </testcase> <!-- cancel -->
</testsuite> <!-- Test -->
