<?xml version="1.0" encoding="UTF-8"?>
<testng-results skipped="0" failed="0" ignored="0" total="1" passed="1">
  <reporter-output>
  </reporter-output>
  <suite name="Default suite" duration-ms="569" started-at="2021-11-23T04:58:36Z" finished-at="2021-11-23T04:58:37Z">
    <groups>
    </groups>
    <test name="Default test" duration-ms="569" started-at="2021-11-23T04:58:36Z" finished-at="2021-11-23T04:58:37Z">
      <class name="testcases.ExcelTestCase">
        <test-method status="PASS" signature="test()[pri:0, instance:testcases.ExcelTestCase@793be5ca]" name="test" duration-ms="484" started-at="2021-11-23T04:58:36Z" finished-at="2021-11-23T04:58:37Z">
          <reporter-output>
          </reporter-output>
        </test-method> <!-- test -->
      </class> <!-- testcases.ExcelTestCase -->
    </test> <!-- Default test -->
  </suite> <!-- Default suite -->
</testng-results>
